<?xml version="1.0" encoding="UTF-8"?>
<!-- Generated by org.testng.reporters.JUnitXMLReporter -->
<testsuite ignored="0" hostname="QA1082" failures="0" tests="4" name="Default test" time="10.259" errors="0" timestamp="2024-02-15T10:39:20 IST">
  <testcase classname="api.test.UserTestUsingRoutes" name="testPostUser" time="4.124"/>
  <testcase classname="api.test.UserTestUsingRoutes" name="testGetUserbyName" time="1.215"/>
  <testcase classname="api.test.UserTestUsingRoutes" name="testUpdateuserbyName" time="2.266"/>
  <testcase classname="api.test.UserTestUsingRoutes" name="testDeleteUser" time="1.103"/>
</testsuite> <!-- Default test -->
