<?xml version="1.0" encoding="UTF-8"?>
<!-- Generated by org.testng.reporters.JUnitXMLReporter -->
<testsuite ignored="0" hostname="QA1082" failures="0" tests="4" name="UserTest" time="13.401" errors="0" timestamp="2024-02-17T17:35:07 IST">
  <testcase classname="api.test.UserTest" name="testPostUser" time="4.995"/>
  <testcase classname="api.test.UserTest" name="testGetUserbyName" time="1.433"/>
  <testcase classname="api.test.UserTest" name="testUpdateuserbyName" time="3.124"/>
  <testcase classname="api.test.UserTest" name="testDeleteUser" time="1.222"/>
</testsuite> <!-- UserTest -->
