<?xml version="1.0" encoding="UTF-8"?>
<testng-results ignored="0" total="4" passed="4" failed="0" skipped="0">
  <reporter-output>
  </reporter-output>
  <suite started-at="2024-02-17T17:34:53 IST" name="PestSuite" finished-at="2024-02-17T17:35:06 IST" duration-ms="13401">
    <groups>
    </groups>
    <test started-at="2024-02-17T17:34:53 IST" name="UserTest" finished-at="2024-02-17T17:35:06 IST" duration-ms="13401">
      <class name="api.test.UserTest">
        <test-method is-config="true" signature="setupData()[pri:0, instance:api.test.UserTest@441772e]" started-at="2024-02-17T17:34:53 IST" name="setupData" finished-at="2024-02-17T17:34:55 IST" duration-ms="1998" status="PASS">
          <reporter-output>
          </reporter-output>
        </test-method> <!-- setupData -->
        <test-method signature="testPostUser()[pri:1, instance:api.test.UserTest@441772e]" started-at="2024-02-17T17:34:55 IST" name="testPostUser" finished-at="2024-02-17T17:35:00 IST" duration-ms="4995" status="PASS">
          <reporter-output>
          </reporter-output>
        </test-method> <!-- testPostUser -->
        <test-method signature="testGetUserbyName()[pri:2, instance:api.test.UserTest@441772e]" started-at="2024-02-17T17:35:00 IST" name="testGetUserbyName" finished-at="2024-02-17T17:35:02 IST" duration-ms="1433" status="PASS">
          <reporter-output>
          </reporter-output>
        </test-method> <!-- testGetUserbyName -->
        <test-method signature="testUpdateuserbyName()[pri:3, instance:api.test.UserTest@441772e]" started-at="2024-02-17T17:35:02 IST" name="testUpdateuserbyName" finished-at="2024-02-17T17:35:05 IST" duration-ms="3124" status="PASS">
          <reporter-output>
          </reporter-output>
        </test-method> <!-- testUpdateuserbyName -->
        <test-method signature="testDeleteUser()[pri:4, instance:api.test.UserTest@441772e]" started-at="2024-02-17T17:35:05 IST" name="testDeleteUser" finished-at="2024-02-17T17:35:06 IST" duration-ms="1222" status="PASS">
          <reporter-output>
          </reporter-output>
        </test-method> <!-- testDeleteUser -->
      </class> <!-- api.test.UserTest -->
    </test> <!-- UserTest -->
  </suite> <!-- PestSuite -->
</testng-results>
