<?xml version="1.0" encoding="UTF-8"?>
<testng-results ignored="0" total="4" passed="4" failed="0" skipped="0">
  <reporter-output>
  </reporter-output>
  <suite started-at="2024-02-15T10:39:10 IST" name="Default suite" finished-at="2024-02-15T10:39:20 IST" duration-ms="10259">
    <groups>
    </groups>
    <test started-at="2024-02-15T10:39:10 IST" name="Default test" finished-at="2024-02-15T10:39:20 IST" duration-ms="10259">
      <class name="api.test.UserTestUsingRoutes">
        <test-method is-config="true" signature="setupData()[pri:0, instance:api.test.UserTestUsingRoutes@639c2c1d]" started-at="2024-02-15T10:39:10 IST" name="setupData" finished-at="2024-02-15T10:39:11 IST" duration-ms="1466" status="PASS">
          <reporter-output>
          </reporter-output>
        </test-method> <!-- setupData -->
        <test-method signature="testPostUser()[pri:1, instance:api.test.UserTestUsingRoutes@639c2c1d]" started-at="2024-02-15T10:39:11 IST" name="testPostUser" finished-at="2024-02-15T10:39:16 IST" duration-ms="4124" status="PASS">
          <reporter-output>
          </reporter-output>
        </test-method> <!-- testPostUser -->
        <test-method signature="testGetUserbyName()[pri:2, instance:api.test.UserTestUsingRoutes@639c2c1d]" started-at="2024-02-15T10:39:16 IST" name="testGetUserbyName" finished-at="2024-02-15T10:39:17 IST" duration-ms="1215" status="PASS">
          <reporter-output>
          </reporter-output>
        </test-method> <!-- testGetUserbyName -->
        <test-method signature="testUpdateuserbyName()[pri:3, instance:api.test.UserTestUsingRoutes@639c2c1d]" started-at="2024-02-15T10:39:17 IST" name="testUpdateuserbyName" finished-at="2024-02-15T10:39:19 IST" duration-ms="2266" status="PASS">
          <reporter-output>
          </reporter-output>
        </test-method> <!-- testUpdateuserbyName -->
        <test-method signature="testDeleteUser()[pri:4, instance:api.test.UserTestUsingRoutes@639c2c1d]" started-at="2024-02-15T10:39:19 IST" name="testDeleteUser" finished-at="2024-02-15T10:39:20 IST" duration-ms="1103" status="PASS">
          <reporter-output>
          </reporter-output>
        </test-method> <!-- testDeleteUser -->
      </class> <!-- api.test.UserTestUsingRoutes -->
    </test> <!-- Default test -->
  </suite> <!-- Default suite -->
</testng-results>
