<?xml version="1.0" encoding="UTF-8"?>
<!-- Generated by org.testng.reporters.JUnitXMLReporter -->
<testsuite ignored="0" hostname="QA1082" failures="0" tests="4" name="UserTest" time="11.526" errors="0" timestamp="2024-02-14T20:46:54 IST">
  <testcase classname="api.test.UserTest" name="testPostUser" time="4.758"/>
  <testcase classname="api.test.UserTest" name="testGetUserbyName" time="1.232"/>
  <testcase classname="api.test.UserTest" name="testUpdateuserbyName" time="2.314"/>
  <testcase classname="api.test.UserTest" name="testDeleteUser" time="1.198"/>
</testsuite> <!-- UserTest -->
